52 246
1 82 1
1 -95 2
2 434 1 2
1 -8 3
2 434 1 3
2 711 2 3
2 -12 1 7
2 -12 2 7
2 -12 3 7
1 24 7
1 80 4
2 508 1 4
2 496 2 4
2 -95 1 8
2 -95 2 8
2 -95 4 8
1 95 8
2 413 3 4
2 -85 1 9
2 -85 3 9
2 -85 4 9
1 170 9
2 -37 2 10
2 -37 3 10
2 -37 4 10
1 74 10
2 -52 1 11
2 -52 2 11
2 -52 3 11
2 -52 4 11
1 156 11
1 74 5
2 414 1 5
2 533 2 5
2 -39 1 12
2 -39 2 12
2 -39 5 12
1 78 12
2 360 3 5
2 -45 1 13
2 -45 3 13
2 -45 5 13
1 90 13
2 -53 2 14
2 -53 3 14
2 -53 5 14
1 53 14
2 -52 1 15
2 -52 2 15
2 -52 3 15
2 -52 5 15
1 156 15
2 516 4 5
2 -39 1 16
2 -39 4 16
2 -39 5 16
1 39 16
2 -13 2 17
2 -13 4 17
2 -13 5 17
1 26 17
2 -14 1 18
2 -14 2 18
2 -14 4 18
2 -14 5 18
1 21 18
2 -14 3 19
2 -14 4 19
2 -14 5 19
1 14 19
2 -102 1 20
2 -102 3 20
2 -102 4 20
2 -102 5 20
1 153 20
2 -74 2 21
2 -74 3 21
2 -74 4 21
2 -74 5 21
1 111 21
2 -168 1 22
2 -168 2 22
2 -168 3 22
2 -168 4 22
2 -168 5 22
1 252 22
2 -84 1 23
2 -84 2 23
2 -84 3 23
2 -84 4 23
2 -84 5 23
1 252 23
2 431 1 6
2 566 2 6
2 -18 1 24
2 -18 2 24
2 -18 6 24
1 36 24
2 591 3 6
2 -21 1 25
2 -21 3 25
2 -21 6 25
1 21 25
2 -83 2 26
2 -83 3 26
2 -83 6 26
1 83 26
2 -198 1 27
2 -198 2 27
2 -198 3 27
2 -198 6 27
1 297 27
2 439 4 6
2 -39 1 28
2 -39 4 28
2 -39 6 28
1 78 28
2 -43 1 29
2 -43 2 29
2 -43 4 29
2 -43 6 29
1 129 29
2 -25 3 30
2 -25 4 30
2 -25 6 30
1 25 30
2 -60 1 31
2 -60 3 31
2 -60 4 31
2 -60 6 31
1 180 31
2 -146 2 32
2 -146 3 32
2 -146 4 32
2 -146 6 32
1 219 32
2 -62 1 33
2 -62 2 33
2 -62 3 33
2 -62 4 33
2 -62 6 33
1 248 33
2 413 5 6
2 -46 1 34
2 -46 5 34
2 -46 6 34
1 92 34
2 -72 2 35
2 -72 5 35
2 -72 6 35
1 72 35
2 -7 1 36
2 -7 2 36
2 -7 5 36
2 -7 6 36
1 21 36
2 -94 3 37
2 -94 5 37
2 -94 6 37
1 188 37
2 -100 1 38
2 -100 3 38
2 -100 5 38
2 -100 6 38
1 300 38
2 -114 2 39
2 -114 3 39
2 -114 5 39
2 -114 6 39
1 171 39
2 -58 1 40
2 -58 2 40
2 -58 3 40
2 -58 5 40
2 -58 6 40
1 87 40
2 -29 1 41
2 -29 2 41
2 -29 3 41
2 -29 5 41
2 -29 6 41
1 87 41
2 -18 4 42
2 -18 5 42
2 -18 6 42
1 36 42
2 -154 1 43
2 -154 4 43
2 -154 5 43
2 -154 6 43
1 231 43
2 -3 2 44
2 -3 4 44
2 -3 5 44
2 -3 6 44
1 9 44
2 -112 1 45
2 -112 2 45
2 -112 4 45
2 -112 5 45
2 -112 6 45
1 168 45
2 -56 1 46
2 -56 2 46
2 -56 4 46
2 -56 5 46
2 -56 6 46
1 168 46
2 -13 3 47
2 -13 4 47
2 -13 5 47
2 -13 6 47
1 39 47
2 -72 1 48
2 -72 3 48
2 -72 4 48
2 -72 5 48
2 -72 6 48
1 288 48
2 -70 2 49
2 -70 3 49
2 -70 4 49
2 -70 5 49
2 -70 6 49
1 105 49
2 -35 2 50
2 -35 3 50
2 -35 4 50
2 -35 5 50
2 -35 6 50
1 105 50
2 -162 1 51
2 -162 2 51
2 -162 3 51
2 -162 4 51
2 -162 5 51
2 -162 6 51
1 243 51
2 -162 1 52
2 -162 2 52
2 -162 3 52
2 -162 4 52
2 -162 5 52
2 -162 6 52
1 567 52
0 49
